# JRE version: OpenJDK Runtime Environment (8.0_242-b06) (build 1.8.0_242-b06)
# Java VM: OpenJDK 64-Bit Server VM GraalVM CE 20.0.0 (25.242-b06-jvmci-20.0-b02 mixed mode linux-amd64 compressed oops)
Heap:
 PSYoungGen      total 149504K, used 117939K [0x0000000719980000, 0x0000000725480000, 0x00000007c0000000)
  eden space 128512K, 75% used [0x0000000719980000,0x000000071f830780,0x0000000721700000)
  from space 20992K, 99% used [0x0000000721700000,0x0000000722b7c5a0,0x0000000722b80000)
  to   space 20992K, 0% used [0x0000000724000000,0x0000000724000000,0x0000000725480000)
 ParOldGen       total 438272K, used 20442K [0x00000005ccc00000, 0x00000005e7800000, 0x0000000719980000)
  object space 438272K, 4% used [0x00000005ccc00000,0x00000005cdff6a60,0x00000005e7800000)
 Metaspace       used 45063K, capacity 45678K, committed 46336K, reserved 1089536K
  class space    used 6126K, capacity 6346K, committed 6400K, reserved 1048576K
GC Heap History (10 events):
Event: 0.637 GC heap before
{Heap before GC invocations=1 (full 0):
 PSYoungGen      total 149504K, used 82250K [0x0000000719980000, 0x0000000724000000, 0x00000007c0000000)
  eden space 128512K, 64% used [0x0000000719980000,0x000000071e9d28e8,0x0000000721700000)
  from space 20992K, 0% used [0x0000000722b80000,0x0000000722b80000,0x0000000724000000)
  to   space 20992K, 0% used [0x0000000721700000,0x0000000721700000,0x0000000722b80000)
 ParOldGen       total 341504K, used 0K [0x00000005ccc00000, 0x00000005e1980000, 0x0000000719980000)
  object space 341504K, 0% used [0x00000005ccc00000,0x00000005ccc00000,0x00000005e1980000)
 Metaspace       used 20716K, capacity 21052K, committed 21296K, reserved 1067008K
  class space    used 2817K, capacity 2943K, committed 2944K, reserved 1048576K
Event: 0.642 GC heap after
Heap after GC invocations=1 (full 0):
 PSYoungGen      total 149504K, used 5505K [0x0000000719980000, 0x0000000724000000, 0x00000007c0000000)
  eden space 128512K, 0% used [0x0000000719980000,0x0000000719980000,0x0000000721700000)
  from space 20992K, 26% used [0x0000000721700000,0x0000000721c60560,0x0000000722b80000)
  to   space 20992K, 0% used [0x0000000722b80000,0x0000000722b80000,0x0000000724000000)
 ParOldGen       total 341504K, used 16K [0x00000005ccc00000, 0x00000005e1980000, 0x0000000719980000)
  object space 341504K, 0% used [0x00000005ccc00000,0x00000005ccc04000,0x00000005e1980000)
 Metaspace       used 20716K, capacity 21052K, committed 21296K, reserved 1067008K
  class space    used 2817K, capacity 2943K, committed 2944K, reserved 1048576K
}
Event: 0.642 GC heap before
{Heap before GC invocations=2 (full 1):
 PSYoungGen      total 149504K, used 5505K [0x0000000719980000, 0x0000000724000000, 0x00000007c0000000)
  eden space 128512K, 0% used [0x0000000719980000,0x0000000719980000,0x0000000721700000)
  from space 20992K, 26% used [0x0000000721700000,0x0000000721c60560,0x0000000722b80000)
  to   space 20992K, 0% used [0x0000000722b80000,0x0000000722b80000,0x0000000724000000)
 ParOldGen       total 341504K, used 16K [0x00000005ccc00000, 0x00000005e1980000, 0x0000000719980000)
  object space 341504K, 0% used [0x00000005ccc00000,0x00000005ccc04000,0x00000005e1980000)
 Metaspace       used 20716K, capacity 21052K, committed 21296K, reserved 1067008K
  class space    used 2817K, capacity 2943K, committed 2944K, reserved 1048576K
Event: 0.659 GC heap after
Heap after GC invocations=2 (full 1):
 PSYoungGen      total 149504K, used 0K [0x0000000719980000, 0x0000000724000000, 0x00000007c0000000)
  eden space 128512K, 0% used [0x0000000719980000,0x0000000719980000,0x0000000721700000)
  from space 20992K, 0% used [0x0000000721700000,0x0000000721700000,0x0000000722b80000)
  to   space 20992K, 0% used [0x0000000722b80000,0x0000000722b80000,0x0000000724000000)
 ParOldGen       total 233984K, used 5312K [0x00000005ccc00000, 0x00000005db080000, 0x0000000719980000)
  object space 233984K, 2% used [0x00000005ccc00000,0x00000005cd1302c0,0x00000005db080000)
 Metaspace       used 20716K, capacity 21052K, committed 21296K, reserved 1067008K
  class space    used 2817K, capacity 2943K, committed 2944K, reserved 1048576K
}
Event: 1.358 GC heap before
{Heap before GC invocations=3 (full 1):
 PSYoungGen      total 149504K, used 90731K [0x0000000719980000, 0x0000000724000000, 0x00000007c0000000)
  eden space 128512K, 70% used [0x0000000719980000,0x000000071f21ae20,0x0000000721700000)
  from space 20992K, 0% used [0x0000000721700000,0x0000000721700000,0x0000000722b80000)
  to   space 20992K, 0% used [0x0000000722b80000,0x0000000722b80000,0x0000000724000000)
 ParOldGen       total 233984K, used 5312K [0x00000005ccc00000, 0x00000005db080000, 0x0000000719980000)
  object space 233984K, 2% used [0x00000005ccc00000,0x00000005cd1302c0,0x00000005db080000)
 Metaspace       used 34703K, capacity 35152K, committed 35456K, reserved 1079296K
  class space    used 5321K, capacity 5495K, committed 5504K, reserved 1048576K
Event: 1.363 GC heap after
Heap after GC invocations=3 (full 1):
 PSYoungGen      total 149504K, used 7134K [0x0000000719980000, 0x0000000725b80000, 0x00000007c0000000)
  eden space 128512K, 0% used [0x0000000719980000,0x0000000719980000,0x0000000721700000)
  from space 20992K, 33% used [0x0000000722b80000,0x0000000723277928,0x0000000724000000)
  to   space 20992K, 0% used [0x0000000721700000,0x0000000721700000,0x0000000722b80000)
 ParOldGen       total 233984K, used 5320K [0x00000005ccc00000, 0x00000005db080000, 0x0000000719980000)
  object space 233984K, 2% used [0x00000005ccc00000,0x00000005cd1322c0,0x00000005db080000)
 Metaspace       used 34703K, capacity 35152K, committed 35456K, reserved 1079296K
  class space    used 5321K, capacity 5495K, committed 5504K, reserved 1048576K
}
Event: 1.363 GC heap before
{Heap before GC invocations=4 (full 2):
 PSYoungGen      total 149504K, used 7134K [0x0000000719980000, 0x0000000725b80000, 0x00000007c0000000)
  eden space 128512K, 0% used [0x0000000719980000,0x0000000719980000,0x0000000721700000)
  from space 20992K, 33% used [0x0000000722b80000,0x0000000723277928,0x0000000724000000)
  to   space 20992K, 0% used [0x0000000721700000,0x0000000721700000,0x0000000722b80000)
 ParOldGen       total 233984K, used 5320K [0x00000005ccc00000, 0x00000005db080000, 0x0000000719980000)
  object space 233984K, 2% used [0x00000005ccc00000,0x00000005cd1322c0,0x00000005db080000)
 Metaspace       used 34703K, capacity 35152K, committed 35456K, reserved 1079296K
  class space    used 5321K, capacity 5495K, committed 5504K, reserved 1048576K
Event: 1.417 GC heap after
Heap after GC invocations=4 (full 2):
 PSYoungGen      total 149504K, used 0K [0x0000000719980000, 0x0000000725b80000, 0x00000007c0000000)
  eden space 128512K, 0% used [0x0000000719980000,0x0000000719980000,0x0000000721700000)
  from space 20992K, 0% used [0x0000000722b80000,0x0000000722b80000,0x0000000724000000)
  to   space 20992K, 0% used [0x0000000721700000,0x0000000721700000,0x0000000722b80000)
 ParOldGen       total 438272K, used 11738K [0x00000005ccc00000, 0x00000005e7800000, 0x0000000719980000)
  object space 438272K, 2% used [0x00000005ccc00000,0x00000005cd776a50,0x00000005e7800000)
 Metaspace       used 34703K, capacity 35152K, committed 35456K, reserved 1079296K
  class space    used 5321K, capacity 5495K, committed 5504K, reserved 1048576K
}
Event: 2.662 GC heap before
{Heap before GC invocations=5 (full 2):
 PSYoungGen      total 149504K, used 128512K [0x0000000719980000, 0x0000000725b80000, 0x00000007c0000000)
  eden space 128512K, 100% used [0x0000000719980000,0x0000000721700000,0x0000000721700000)
  from space 20992K, 0% used [0x0000000722b80000,0x0000000722b80000,0x0000000724000000)
  to   space 20992K, 0% used [0x0000000721700000,0x0000000721700000,0x0000000722b80000)
 ParOldGen       total 438272K, used 11738K [0x00000005ccc00000, 0x00000005e7800000, 0x0000000719980000)
  object space 438272K, 2% used [0x00000005ccc00000,0x00000005cd776a50,0x00000005e7800000)
 Metaspace       used 40453K, capacity 41036K, committed 41472K, reserved 1085440K
  class space    used 5639K, capacity 5827K, committed 5888K, reserved 1048576K
Event: 2.679 GC heap after
Heap after GC invocations=5 (full 2):
 PSYoungGen      total 149504K, used 20977K [0x0000000719980000, 0x0000000725480000, 0x00000007c0000000)
  eden space 128512K, 0% used [0x0000000719980000,0x0000000719980000,0x0000000721700000)
  from space 20992K, 99% used [0x0000000721700000,0x0000000722b7c5a0,0x0000000722b80000)
  to   space 20992K, 0% used [0x0000000724000000,0x0000000724000000,0x0000000725480000)
 ParOldGen       total 438272K, used 20442K [0x00000005ccc00000, 0x00000005e7800000, 0x0000000719980000)
  object space 438272K, 4% used [0x00000005ccc00000,0x00000005cdff6a60,0x00000005e7800000)
 Metaspace       used 40453K, capacity 41036K, committed 41472K, reserved 1085440K
  class space    used 5639K, capacity 5827K, committed 5888K, reserved 1048576K
}

